1708790416495	geckodriver	INFO	Listening on 127.0.0.1:51851
1708790419567	mozrunner::runner	INFO	Running command: "C:\\Program Files\\Mozilla Firefox\\firefox.exe" "--marionette" "--remote-debugging-port" "51852" "--remote-allow-hosts" "localhost" "-no-remote" "-profile" "C:\\Users\\Samuel\\AppData\\Local\\Temp\\rust_mozprofileSAnxjT"
console.warn: services.settings: Ignoring preference override of remote settings server
console.warn: services.settings: Allow by setting MOZ_REMOTE_SETTINGS_DEVTOOLS=1 in the environment
1708790420202	Marionette	INFO	Marionette enabled
Dynamically enable window occlusion 0
1708790420370	Marionette	INFO	Listening on port 51859
WebDriver BiDi listening on ws://127.0.0.1:51852
Read port: 51859
1708790420726	RemoteAgent	WARN	TLS certificate errors will be ignored for this session
DevTools listening on ws://127.0.0.1:51852/devtools/browser/7302b490-8a7c-4b15-8054-22ab8ae679a1
JavaScript warning: https://demowebshop.tricentis.com/Scripts/jquery-1.10.2.min.js, line 19: Using //@ to indicate sourceMappingURL pragmas is deprecated. Use //# instead
JavaScript warning: https://demowebshop.tricentis.com/Scripts/jquery-1.10.2.min.js, line 19: Using //@ to indicate sourceMappingURL pragmas is deprecated. Use //# instead
console.warn: LoginRecipes: "Falling back to a synchronous message for: https://demowebshop.tricentis.com."
console.warn: LoginRecipes: "Falling back to a synchronous message for: https://demowebshop.tricentis.com."
JavaScript warning: https://demowebshop.tricentis.com/Scripts/jquery-1.10.2.min.js, line 19: Using //@ to indicate sourceMappingURL pragmas is deprecated. Use //# instead
JavaScript warning: https://demowebshop.tricentis.com/Scripts/jquery-1.10.2.min.js, line 19: Using //@ to indicate sourceMappingURL pragmas is deprecated. Use //# instead
console.warn: LoginRecipes: "Falling back to a synchronous message for: https://demowebshop.tricentis.com."
1708790433161	Marionette	INFO	Stopped listening on port 51859
Dynamically enable window occlusion 1
